Arguments: 
  /usr/local/Cellar/node/18.11.0/bin/node /usr/local/Cellar/yarn/1.22.19/libexec/bin/yarn.js add -D --ignore-workspace-root-check @storybook/react@^6.5.15 @storybook/addon-links@^6.5.15 @storybook/addon-essentials@^6.5.15 @storybook/addon-actions@^6.5.15 @storybook/addon-interactions@^6.5.15 @storybook/testing-library@^0.0.13 @storybook/builder-vite@^0.2.6 @babel/core@^7.20.7 babel-loader@^8.3.0

PATH: 
  /Users/rolandbrand/.npm/_npx/6fe9a9991b157df1/node_modules/.bin:/Users/rolandbrand/green-template/node_modules/.bin:/Users/rolandbrand/node_modules/.bin:/Users/node_modules/.bin:/node_modules/.bin:/usr/local/lib/node_modules/npm/node_modules/@npmcli/run-script/lib/node-gyp-bin:/Users/rolandbrand/.cargo/bin:/usr/local/bin:/usr/bin:/bin:/usr/sbin:/sbin

Yarn version: 
  1.22.19

Node version: 
  18.11.0

Platform: 
  darwin x64

Trace: 
  Error: ENOENT: no such file or directory, copyfile '/Users/rolandbrand/Library/Caches/Yarn/v6/npm-globals-13.19.0-7a42de8e6ad4f7242fbcca27ea5b23aca367b5c8-integrity/node_modules/globals/globals.json' -> '/Users/rolandbrand/green-template/node_modules/@eslint/eslintrc/node_modules/globals/globals.json'

npm manifest: 
  {
    "name": "@cnakazawa/vite-ts-react-tailwind",
    "version": "0.0.1",
    "author": "Christoph Nakazawa <christoph.pojer@gmail.com>",
    "repository": {
      "type": "git",
      "url": "git://github.com/cpojer/vite-ts-react-tailwind.git"
    },
    "type": "module",
    "engines": {
      "node": ">=18.11.0",
      "pnpm": ">=7.1.0"
    },
    "dependencies": {
      "react": "^18.2.0",
      "react-dom": "^18.2.0"
    },
    "devDependencies": {
      "@swc/core": "^1.3.3",
      "@trivago/prettier-plugin-sort-imports": "^3.3.0",
      "@types/node": "^18.7.20",
      "@types/prettier": "^2.7.1",
      "@types/react": "^18.0.21",
      "@types/react-dom": "^18.0.6",
      "@typescript-eslint/eslint-plugin": "^5.38.0",
      "@typescript-eslint/parser": "^5.38.0",
      "@vitejs/plugin-react": "^2.1.0",
      "autoprefixer": "^10.4.12",
      "eslint": "^8.24.0",
      "eslint-import-resolver-typescript": "^3.5.1",
      "eslint-plugin-import": "^2.26.0",
      "eslint-plugin-react": "^7.31.8",
      "eslint-plugin-typescript-sort-keys": "^2.1.0",
      "npm-run-all": "^4.1.5",
      "postcss": "^8.4.16",
      "prettier": "^2.7.1",
      "prettier-plugin-tailwindcss": "^0.1.13",
      "tailwindcss": "^3.1.8",
      "ts-node": "^10.9.1",
      "typescript": "^4.8.3",
      "vite": "^3.1.3",
      "vitest": "^0.23.4"
    },
    "scripts": {
      "build": "vite build",
      "dev": "vite dev",
      "format": "prettier --write .",
      "lint:format": "prettier --cache --check .",
      "lint": "eslint --cache .",
      "test": "npm-run-all --parallel tsc:check vitest:run lint lint:format",
      "tsc:check": "tsc",
      "vitest:run": "vitest run"
    },
    "browserslist": [
      ">0.2%",
      "not dead",
      "not op_mini all"
    ]
  }

yarn manifest: 
  No manifest

Lockfile: 
  No lockfile
